This is TeX, Version 3.14159 (MiKTeX 2.2) (preloaded format=latex 2000.11.28)  30 JUN 2005 15:19
**D:/thesis/thesis/head/title.tex
(D:/thesis/thesis/head/title.tex
LaTeX2e <2001/06/01>
Babel <v3.7h> and hyphenation patterns for english, french, german, ngerman, du
mylang, nohyphenation, loaded.

! LaTeX Error: Environment titlepage undefined.

See the LaTeX manual or LaTeX Companion for explanation.
Type  H <return>  for immediate help.
 ...                                      
                                          
l.5 \begin{titlepage}
                     
Your command was ignored.
Type  I <command> <return>  to replace it with another command,
or  <return>  to continue without it.


! LaTeX Error: Missing \begin{document}.

See the LaTeX manual or LaTeX Companion for explanation.
Type  H <return>  for immediate help.
 ...                                      
                                          
l.7 \begin{center}
                  
You're in trouble here.  Try typing  <return>  to proceed.
If that doesn't work, type  X <return>  to quit.


Overfull \hbox (20.0pt too wide) in paragraph at lines 7--7
[][] 
 []

! Undefined control sequence.
l.8 \includegraphics
                    [width=4cm,height=!]{head/athene_sw}
The control sequence at the end of the top line
of your error message was never \def'ed. If you have
misspelled it (e.g., `\hobx'), type `I' and the correct
spelling (e.g., `I\hbox'). Otherwise just continue,
and I'll forget about whatever was undefined.

Missing character: There is no [ in font nullfont!
Missing character: There is no w in font nullfont!
Missing character: There is no i in font nullfont!
Missing character: There is no d in font nullfont!
Missing character: There is no t in font nullfont!
Missing character: There is no h in font nullfont!
Missing character: There is no = in font nullfont!
Missing character: There is no 4 in font nullfont!
Missing character: There is no c in font nullfont!
Missing character: There is no m in font nullfont!
Missing character: There is no , in font nullfont!
Missing character: There is no h in font nullfont!
Missing character: There is no e in font nullfont!
Missing character: There is no i in font nullfont!
Missing character: There is no g in font nullfont!
Missing character: There is no h in font nullfont!
Missing character: There is no t in font nullfont!
Missing character: There is no = in font nullfont!
Missing character: There is no ! in font nullfont!
Missing character: There is no ] in font nullfont!
Missing character: There is no h in font nullfont!
Missing character: There is no e in font nullfont!
Missing character: There is no a in font nullfont!
Missing character: There is no d in font nullfont!
Missing character: There is no / in font nullfont!
Missing character: There is no a in font nullfont!
Missing character: There is no t in font nullfont!
Missing character: There is no h in font nullfont!
Missing character: There is no e in font nullfont!
Missing character: There is no n in font nullfont!
Missing character: There is no e in font nullfont!
! Missing $ inserted.
<inserted text> 
                $
l.8 ...cs[width=4cm,height=!]{head/athene_
                                          sw}
I've inserted a begin-math/end-math symbol since I think
you left one out. Proceed, with fingers crossed.

LaTeX Font Info:    External font `cmex10' loaded for size
(Font)              <7> on input line 8.
LaTeX Font Info:    External font `cmex10' loaded for size
(Font)              <5> on input line 8.
! Extra }, or forgotten $.
l.8 ...width=4cm,height=!]{head/athene_sw}
                                          
I've deleted a group-closing symbol because it seems to be
spurious, as in `$x}$'. But perhaps the } is legitimate and
you forgot something else, as in `\hbox{$x}'. In such cases
the way to recover is to insert both the forgotten and the
deleted material, e.g., by typing `I$}'.


! LaTeX Error: Environment huge undefined.

See the LaTeX manual or LaTeX Companion for explanation.
Type  H <return>  for immediate help.
 ...                                      
                                          
l.15 \end{huge}}
                
Your command was ignored.
Type  I <command> <return>  to replace it with another command,
or  <return>  to continue without it.

LaTeX Font Info:    Try loading font information for T1+cmss on input line 15.
(d:\texmf\tex\latex\base\t1cmss.fd
File: t1cmss.fd 1999/05/25 v2.5h Standard LaTeX font definitions
)

LaTeX Font Warning: Font shape `T1/cmss/bc/n' undefined
(Font)              using `T1/cmss/m/n' instead on input line 15.


! LaTeX Error: Something's wrong--perhaps a missing \item.

See the LaTeX manual or LaTeX Companion for explanation.
Type  H <return>  for immediate help.
 ...                                      
                                          
l.15 \end{huge}}
                
Try typing  <return>  to proceed.
If that doesn't work, type  X <return>  to quit.


! LaTeX Error: Something's wrong--perhaps a missing \item.

See the LaTeX manual or LaTeX Companion for explanation.
Type  H <return>  for immediate help.
 ...                                      
                                          
l.15 \end{huge}}
                
Try typing  <return>  to proceed.
If that doesn't work, type  X <return>  to quit.


! LaTeX Error: Something's wrong--perhaps a missing \item.

See the LaTeX manual or LaTeX Companion for explanation.
Type  H <return>  for immediate help.
 ...                                      
                                          
l.15 \end{huge}}
                
Try typing  <return>  to proceed.
If that doesn't work, type  X <return>  to quit.


! LaTeX Error: \begin{center} on input line 7 ended by \end{huge}.

See the LaTeX manual or LaTeX Companion for explanation.
Type  H <return>  for immediate help.
 ...                                      
                                          
l.15 \end{huge}}
                
Your command was ignored.
Type  I <command> <return>  to replace it with another command,
or  <return>  to continue without it.


! LaTeX Error: Something's wrong--perhaps a missing \item.

See the LaTeX manual or LaTeX Companion for explanation.
Type  H <return>  for immediate help.
 ...                                      
                                          
l.17 \end{center}
                 
Try typing  <return>  to proceed.
If that doesn't work, type  X <return>  to quit.


! LaTeX Error: Something's wrong--perhaps a missing \item.

See the LaTeX manual or LaTeX Companion for explanation.
Type  H <return>  for immediate help.
 ...                                      
                                          
l.17 \end{center}
                 
Try typing  <return>  to proceed.
If that doesn't work, type  X <return>  to quit.

! Missing $ inserted.
<inserted text> 
                $
l.17 \end{center}
                 
I've inserted something that you may have forgotten.
(See the <inserted text> above.)
With luck, this will get me unwedged. But if you
really didn't forget anything, try typing `2' now; then
my insertion and my current dilemma will both disappear.

! Missing } inserted.
<inserted text> 
                }
l.17 \end{center}
                 
I've inserted something that you may have forgotten.
(See the <inserted text> above.)
With luck, this will get me unwedged. But if you
really didn't forget anything, try typing `2' now; then
my insertion and my current dilemma will both disappear.


Overfull \hbox (16842.83221pt too wide) in paragraph at lines 8--18
[]$[]\OML/cmm/m/it/10 w[][][]$ 
 []


Overfull \hbox (20.0pt too wide) in paragraph at lines 19--19
[][] 
 []


LaTeX Font Warning: Font shape `OT1/cmss/c/n' undefined
(Font)              using `OT1/cmss/m/n' instead on input line 20.


Overfull \hbox (19.33337pt too wide) in paragraph at lines 21--21
 []\OT1/cmss/m/n/10 Vom 
 []


Overfull \hbox (23.1667pt too wide) in paragraph at lines 21--21
 \OT1/cmss/m/n/10 Fach- 
 []


Overfull \hbox (21.08336pt too wide) in paragraph at lines 21--21
 \OT1/cmss/m/n/10 bere- 
 []


Overfull \hbox (12.0pt too wide) in paragraph at lines 21--21
 \OT1/cmss/m/n/10 ich 
 []


Overfull \hbox (11.2778pt too wide) in paragraph at lines 21--21
 \OT1/cmss/m/n/10 In- 
 []


Overfull \hbox (14.52782pt too wide) in paragraph at lines 21--21
 \OT1/cmss/m/n/10 for- 
 []


Overfull \hbox (23.63895pt too wide) in paragraph at lines 21--21
 \OT1/cmss/m/n/10 matik 
 []


Overfull \hbox (13.0278pt too wide) in paragraph at lines 22--22
 [][]\OT1/cmss/m/n/10 der 
 []


Overfull \hbox (23.36111pt too wide) in paragraph at lines 22--22
 \OT1/cmss/m/n/10 Tech- 
 []


Overfull \hbox (14.72221pt too wide) in paragraph at lines 22--22
 \OT1/cmss/m/n/10 nis- 
 []


Overfull \hbox (19.22223pt too wide) in paragraph at lines 22--22
 \OT1/cmss/m/n/10 chen 
 []


Overfull \hbox (17.76393pt too wide) in paragraph at lines 22--22
 \OT1/cmss/m/n/10 Uni- 
 []


Overfull \hbox (15.80559pt too wide) in paragraph at lines 22--22
 \OT1/cmss/m/n/10 ver- 
 []


Overfull \hbox (18.25002pt too wide) in paragraph at lines 22--22
 \OT1/cmss/m/n/10 sitat 
 []


Overfull \hbox (26.44452pt too wide) in paragraph at lines 22--22
 \OT1/cmss/m/n/10 Darm- 
 []


Overfull \hbox (21.0278pt too wide) in paragraph at lines 22--22
 \OT1/cmss/m/n/10 stadt 
 []


Overfull \hbox (12.93059pt too wide) in paragraph at lines 23--23
 [][]\OT1/cmss/m/n/10 zur 
 []


Overfull \hbox (12.72224pt too wide) in paragraph at lines 23--23
 \OT1/cmss/m/n/10 Er- 
 []


Overfull \hbox (15.69446pt too wide) in paragraph at lines 23--23
 \OT1/cmss/m/n/10 lan- 
 []


Overfull \hbox (20.33337pt too wide) in paragraph at lines 23--23
 \OT1/cmss/m/n/10 gung 
 []


Overfull \hbox (13.44444pt too wide) in paragraph at lines 23--23
 \OT1/cmss/m/n/10 des 
 []


Overfull \hbox (41.33339pt too wide) in paragraph at lines 23--23
 \OT1/cmss/m/n/10 akademis- 
 []


Overfull \hbox (19.22223pt too wide) in paragraph at lines 23--23
 \OT1/cmss/m/n/10 chen 
 []


Overfull \hbox (28.33339pt too wide) in paragraph at lines 23--23
 \OT1/cmss/m/n/10 Grades 
 []


Overfull \hbox (20.27777pt too wide) in paragraph at lines 23--23
 \OT1/cmss/m/n/10 eines 
 []


Overfull \hbox (32.19455pt too wide) in paragraph at lines 24--24
 [][]\OT1/cmss/m/n/10 Doktor- 
 []


Overfull \hbox (41.80562pt too wide) in paragraph at lines 24--24
 \OT1/cmss/m/n/10 Ingenieurs 
 []


Overfull \hbox (20.63896pt too wide) in paragraph at lines 24--24
 \OT1/cmss/m/n/10 (Dr.- 
 []


Overfull \hbox (19.61118pt too wide) in paragraph at lines 24--24
 \OT1/cmss/m/n/10 Ing.) 
 []


Overfull \hbox (47.61116pt too wide) in paragraph at lines 25--25
 [][]\OT1/cmss/m/n/10 genehmigte 
 []


Overfull \hbox (54.76692pt too wide) in paragraph at lines 29--29
 [][]\OT1/cmss/bx/n/10 Dissertation 
 []


Overfull \hbox (14.77782pt too wide) in paragraph at lines 31--31
 [][]\OT1/cmss/m/n/10 von 
 []


Overfull \hbox (33.4445pt too wide) in paragraph at lines 32--32
 [][]\OT1/cmss/m/n/10 Diplom- 
 []


Overfull \hbox (37.97229pt too wide) in paragraph at lines 32--32
 \OT1/cmss/m/n/10 Ingenieur 
 []


Overfull \hbox (29.91125pt too wide) in paragraph at lines 34--34
 [][]\OT1/cmss/bx/n/10 Vasian 
 []


Overfull \hbox (23.0001pt too wide) in paragraph at lines 34--34
 \OT1/cmss/bx/n/10 Cepa 
 []


Overfull \hbox (13.80557pt too wide) in paragraph at lines 35--35
 [][]\OT1/cmss/m/n/10 aus 
 []


Overfull \hbox (24.3334pt too wide) in paragraph at lines 35--35
 \OT1/cmss/m/n/10 Korca 
 []


Overfull \hbox (37.81952pt too wide) in paragraph at lines 37--37
 [][]\OT1/cmss/m/n/10 Referent: 
 []


Overfull \hbox (20.63896pt too wide) in paragraph at lines 37--37
 \OT1/cmss/m/n/10 Prof. 
 []


Overfull \hbox (13.41673pt too wide) in paragraph at lines 37--37
 \OT1/cmss/m/n/10 Dr. 
 []


Overfull \hbox (19.36119pt too wide) in paragraph at lines 37--37
 \OT1/cmss/m/n/10 Mira 
 []


Overfull \hbox (27.48616pt too wide) in paragraph at lines 37--37
 \OT1/cmss/m/n/10 Mezini 
 []


Overfull \hbox (49.86124pt too wide) in paragraph at lines 38--38
 [][]\OT1/cmss/m/n/10 Korreferent: 
 []


Overfull \hbox (28.75006pt too wide) in paragraph at lines 38--38
 \OT1/cmss/m/n/10 TODO 
 []


Overfull \hbox (15.77782pt too wide) in paragraph at lines 40--40
 [][]\OT1/cmss/m/n/10 Tag 
 []


Overfull \hbox (13.0278pt too wide) in paragraph at lines 40--40
 \OT1/cmss/m/n/10 der 
 []


Overfull \hbox (16.86111pt too wide) in paragraph at lines 40--40
 \OT1/cmss/m/n/10 Ein- 
 []


Overfull \hbox (11.19446pt too wide) in paragraph at lines 40--40
 \OT1/cmss/m/n/10 re- 
 []


Overfull \hbox (30.11115pt too wide) in paragraph at lines 40--40
 \OT1/cmss/m/n/10 ichung: 
 []


Overfull \hbox (20.00006pt too wide) in paragraph at lines 40--40
 \OT1/cmss/m/n/10 2005 
 []


Overfull \hbox (15.77782pt too wide) in paragraph at lines 41--41
 [][]\OT1/cmss/m/n/10 Tag 
 []


Overfull \hbox (13.0278pt too wide) in paragraph at lines 41--41
 \OT1/cmss/m/n/10 der 
 []


Overfull \hbox (47.44447pt too wide) in paragraph at lines 41--41
 \OT1/cmss/m/n/10 mundlichen 
 []


Overfull \hbox (36.13898pt too wide) in paragraph at lines 41--41
 \OT1/cmss/m/n/10 Prufung: 
 []


Overfull \hbox (20.00006pt too wide) in paragraph at lines 41--41
 \OT1/cmss/m/n/10 2005 
 []


Overfull \hbox (44.13899pt too wide) in paragraph at lines 43--43
 [][]\OT1/cmss/m/n/10 Darmstadt 
 []


Overfull \hbox (17.22229pt too wide) in paragraph at lines 44--44
 [][]\OT1/cmss/m/n/10 D17 
 []

! Undefined control sequence.
l.46 {\small
            \em \copyright \  Draft date \today }
The control sequence at the end of the top line
of your error message was never \def'ed. If you have
misspelled it (e.g., `\hobx'), type `I' and the correct
spelling (e.g., `I\hbox'). Otherwise just continue,
and I'll forget about whatever was undefined.


LaTeX Font Warning: Font shape `OT1/cmss/c/it' undefined
(Font)              using `OT1/cmss/c/n' instead on input line 46.

LaTeX Font Info:    Try loading font information for OMS+cmss on input line 46.

LaTeX Font Info:    No file OMScmss.fd. on input line 46.

LaTeX Font Warning: Font shape `OMS/cmss/c/it' undefined
(Font)              using `OMS/cmsy/m/n' instead on input line 46.


LaTeX Font Warning: Font shape `OMS/cmss/c/n' undefined
(Font)              using `OMS/cmsy/m/n' instead on input line 46.

! Undefined control sequence.
l.46 ...em \copyright \  Draft date \today
                                           }
The control sequence at the end of the top line
of your error message was never \def'ed. If you have
misspelled it (e.g., `\hobx'), type `I' and the correct
spelling (e.g., `I\hbox'). Otherwise just continue,
and I'll forget about whatever was undefined.


Overfull \hbox (10.00002pt too wide) in paragraph at lines 46--48
 [][][] 
 []


Overfull \hbox (22.1112pt too wide) in paragraph at lines 46--48
 \OT1/cmss/c/n/10 Draft 
 []


Overfull \hbox (18.0278pt too wide) in paragraph at lines 46--48
 \OT1/cmss/c/n/10 date 
 []


! LaTeX Error: \begin{document} ended by \end{titlepage}.

See the LaTeX manual or LaTeX Companion for explanation.
Type  H <return>  for immediate help.
 ...                                      
                                          
l.50 \end{titlepage}
                    
Your command was ignored.
Type  I <command> <return>  to replace it with another command,
or  <return>  to continue without it.

! Undefined control sequence.
l.53 \emptypage
               
The control sequence at the end of the top line
of your error message was never \def'ed. If you have
misspelled it (e.g., `\hobx'), type `I' and the correct
spelling (e.g., `I\hbox'). Otherwise just continue,
and I'll forget about whatever was undefined.


! LaTeX Error: Missing \begin{document}.

See the LaTeX manual or LaTeX Companion for explanation.
Type  H <return>  for immediate help.
 ...                                      
                                          
l.58 und Hilfsmittel angefertigt habe.}
                                       
You're in trouble here.  Try typing  <return>  to proceed.
If that doesn't work, type  X <return>  to quit.

Missing character: There is no H in font nullfont!
Missing character: There is no i in font nullfont!
Missing character: There is no e in font nullfont!
Missing character: There is no r in font nullfont!
Missing character: There is no m in font nullfont!
Missing character: There is no i in font nullfont!
Missing character: There is no t in font nullfont!
Missing character: There is no e in font nullfont!
Missing character: There is no r in font nullfont!
Missing character: There is no k in font nullfont!
Missing character: There is no l in font nullfont!
LaTeX Font Info:    Try loading font information for +cmr on input line 58.
LaTeX Font Info:    No file cmr.fd. on input line 58.

LaTeX Font Warning: Font shape `/cmr/m/n' undefined
(Font)              using `/cmr/m/n' instead on input line 58.

! Corrupted NFSS tables.
wrong@fontshape ...{Corrupted NFSS tables}
                                          error@fontshape else let f@...
l.58 und Hilfsmittel angefertigt habe.}
                                       
This error message was generated by an \errmessage
command, so I can't give any explicit help.
Pretend that you're Hercule Poirot: Examine all clues,
and deduce the truth by order and method.


LaTeX Font Warning: Font shape `/cmr/m/n' undefined
(Font)              using `OT1/cmr/m/n' instead on input line 58.

Missing character: There is no r in font nullfont!
Missing character: There is no e in font nullfont!
Missing character: There is no i in font nullfont!
Missing character: There is no c in font nullfont!
Missing character: There is no h in font nullfont!
Missing character: There is no , in font nullfont!
Missing character: There is no d in font nullfont!
Missing character: There is no a in font nullfont!
Missing character: There is no ß in font nullfont!
Missing character: There is no i in font nullfont!
Missing character: There is no c in font nullfont!
Missing character: There is no h in font nullfont!
Missing character: There is no d in font nullfont!
Missing character: There is no i in font nullfont!
Missing character: There is no e in font nullfont!
Missing character: There is no v in font nullfont!
Missing character: There is no o in font nullfont!
Missing character: There is no r in font nullfont!
Missing character: There is no l in font nullfont!
Missing character: There is no i in font nullfont!
Missing character: There is no e in font nullfont!
Missing character: There is no g in font nullfont!
Missing character: There is no e in font nullfont!
Missing character: There is no n in font nullfont!
Missing character: There is no d in font nullfont!
Missing character: There is no e in font nullfont!
Missing character: There is no A in font nullfont!
Missing character: There is no r in font nullfont!
Missing character: There is no b in font nullfont!
Missing character: There is no e in font nullfont!
Missing character: There is no i in font nullfont!
Missing character: There is no t in font nullfont!
Missing character: There is no s in font nullfont!
Missing character: There is no e in font nullfont!
Missing character: There is no l in font nullfont!
Missing character: There is no b in font nullfont!
Missing character: There is no s in font nullfont!
Missing character: There is no t in font nullfont!
Missing character: There is no s in font nullfont!
Missing character: There is no t in font nullfont!
Missing character: There is no n in font nullfont!
Missing character: There is no d in font nullfont!
Missing character: There is no i in font nullfont!
Missing character: There is no g in font nullfont!
Missing character: There is no u in font nullfont!
Missing character: There is no n in font nullfont!
Missing character: There is no d in font nullfont!
Missing character: There is no u in font nullfont!
Missing character: There is no n in font nullfont!
Missing character: There is no t in font nullfont!
Missing character: There is no e in font nullfont!
Missing character: There is no r in font nullfont!
Missing character: There is no a in font nullfont!
Missing character: There is no u in font nullfont!
Missing character: There is no s in font nullfont!
Missing character: There is no s in font nullfont!
Missing character: There is no c in font nullfont!
Missing character: There is no h in font nullfont!
Missing character: There is no l in font nullfont!
Missing character: There is no i in font nullfont!
Missing character: There is no e in font nullfont!
Missing character: There is no ß in font nullfont!
Missing character: There is no l in font nullfont!
Missing character: There is no i in font nullfont!
Missing character: There is no c in font nullfont!
Missing character: There is no h in font nullfont!
Missing character: There is no e in font nullfont!
Missing character: There is no r in font nullfont!
Missing character: There is no V in font nullfont!
Missing character: There is no e in font nullfont!
Missing character: There is no r in font nullfont!
Missing character: There is no w in font nullfont!
Missing character: There is no e in font nullfont!
Missing character: There is no n in font nullfont!
Missing character: There is no d in font nullfont!
Missing character: There is no u in font nullfont!
Missing character: There is no n in font nullfont!
Missing character: There is no g in font nullfont!
Missing character: There is no d in font nullfont!
Missing character: There is no e in font nullfont!
Missing character: There is no r in font nullfont!
Missing character: There is no a in font nullfont!
Missing character: There is no n in font nullfont!
Missing character: There is no g in font nullfont!
Missing character: There is no e in font nullfont!
Missing character: There is no g in font nullfont!
Missing character: There is no e in font nullfont!
Missing character: There is no b in font nullfont!
Missing character: There is no e in font nullfont!
Missing character: There is no n in font nullfont!
Missing character: There is no e in font nullfont!
Missing character: There is no n in font nullfont!
Missing character: There is no Q in font nullfont!
Missing character: There is no u in font nullfont!
Missing character: There is no e in font nullfont!
Missing character: There is no l in font nullfont!
Missing character: There is no l in font nullfont!
Missing character: There is no e in font nullfont!
Missing character: There is no n in font nullfont!
Missing character: There is no u in font nullfont!
Missing character: There is no n in font nullfont!
Missing character: There is no d in font nullfont!
Missing character: There is no H in font nullfont!
Missing character: There is no i in font nullfont!
Missing character: There is no l in font nullfont!
Missing character: There is no f in font nullfont!
Missing character: There is no s in font nullfont!
Missing character: There is no m in font nullfont!
Missing character: There is no i in font nullfont!
Missing character: There is no t in font nullfont!
Missing character: There is no t in font nullfont!
Missing character: There is no e in font nullfont!
Missing character: There is no l in font nullfont!
Missing character: There is no a in font nullfont!
Missing character: There is no n in font nullfont!
Missing character: There is no g in font nullfont!
Missing character: There is no e in font nullfont!
Missing character: There is no f in font nullfont!
Missing character: There is no e in font nullfont!
Missing character: There is no r in font nullfont!
Missing character: There is no t in font nullfont!
Missing character: There is no i in font nullfont!
Missing character: There is no g in font nullfont!
Missing character: There is no t in font nullfont!
Missing character: There is no h in font nullfont!
Missing character: There is no a in font nullfont!
Missing character: There is no b in font nullfont!
Missing character: There is no e in font nullfont!
Missing character: There is no . in font nullfont!

Overfull \hbox (6573.62498pt too wide) in paragraph at lines 58--59
[][][] 
 []


! LaTeX Error: Missing \begin{document}.

See the LaTeX manual or LaTeX Companion for explanation.
Type  H <return>  for immediate help.
 ...                                      
                                          
l.61 D
      armstadt, den 30 Juni 2005
You're in trouble here.  Try typing  <return>  to proceed.
If that doesn't work, type  X <return>  to quit.

Missing character: There is no D in font nullfont!
Missing character: There is no a in font nullfont!
Missing character: There is no r in font nullfont!
Missing character: There is no m in font nullfont!
Missing character: There is no s in font nullfont!
Missing character: There is no t in font nullfont!
Missing character: There is no a in font nullfont!
Missing character: There is no d in font nullfont!
Missing character: There is no t in font nullfont!
Missing character: There is no , in font nullfont!
Missing character: There is no d in font nullfont!
Missing character: There is no e in font nullfont!
Missing character: There is no n in font nullfont!
Missing character: There is no 3 in font nullfont!
Missing character: There is no 0 in font nullfont!
Missing character: There is no J in font nullfont!
Missing character: There is no u in font nullfont!
Missing character: There is no n in font nullfont!
Missing character: There is no i in font nullfont!
Missing character: There is no 2 in font nullfont!
Missing character: There is no 0 in font nullfont!
Missing character: There is no 0 in font nullfont!
Missing character: There is no 5 in font nullfont!

Overfull \hbox (20.0pt too wide) in paragraph at lines 61--62
[][]
 []


! LaTeX Error: File `head/abstract-en.tex' not found.

Type X to quit or <RETURN> to proceed,
or enter new name. (Default extension: tex)

Enter file name: 
! Emergency stop.
<read *> 
         
l.63 \input{head/abstract-en}
                             
*** (cannot \read from terminal in nonstop modes)

No pages of output.
